<?xml version="1.0" encoding="UTF-8"?>
<testsuite name="com.example.ottawamealer.ExampleUnitTest" tests="1" skipped="0" failures="0" errors="0" timestamp="2022-12-09T10:07:45" hostname="DESKTOP-P307I41" time="0.004">
  <properties/>
  <testcase name="testAcceptedRequest" classname="com.example.ottawamealer.ExampleUnitTest" time="0.004"/>
  <system-out><![CDATA[]]></system-out>
  <system-err><![CDATA[]]></system-err>
</testsuite>
