<?xml version="1.0" encoding="UTF-8"?>
<testsuite name="com.example.ottawamealer.ExampleUnitTest" tests="4" skipped="0" failures="0" errors="0" timestamp="2022-12-07T01:53:01" hostname="DESKTOP-P307I41" time="0.005">
  <properties/>
  <testcase name="testCheckUserClient" classname="com.example.ottawamealer.ExampleUnitTest" time="0.004"/>
  <testcase name="testCheckLastName" classname="com.example.ottawamealer.ExampleUnitTest" time="0.0"/>
  <testcase name="testCheckEmail" classname="com.example.ottawamealer.ExampleUnitTest" time="0.0"/>
  <testcase name="testCheckFirstName" classname="com.example.ottawamealer.ExampleUnitTest" time="0.0"/>
  <system-out><![CDATA[]]></system-out>
  <system-err><![CDATA[]]></system-err>
</testsuite>
